
*** Running vivado
    with args -log alchitry_top.vds -m64 -product Vivado -mode batch -messageDb vivado.pb -notrace -source alchitry_top.tcl


****** Vivado v2025.1 (64-bit)
  **** SW Build 6140274 on Wed May 21 22:58:25 MDT 2025
  **** IP Build 6138677 on Thu May 22 03:10:11 MDT 2025
  **** SharedData Build 6139179 on Tue May 20 17:58:58 MDT 2025
  **** Start of session at: Thu Oct 30 08:43:26 2025
    ** Copyright 1986-2022 Xilinx, Inc. All Rights Reserved.
    ** Copyright 2022-2025 Advanced Micro Devices, Inc. All Rights Reserved.

source alchitry_top.tcl -notrace
Command: synth_design -top alchitry_top -part xc7a35tftg256-2
Starting synth_design
Attempting to get a license for feature 'Synthesis' and/or device 'xc7a35t'
INFO: [Common 17-349] Got license for feature 'Synthesis' and/or device 'xc7a35t'
INFO: [Device 21-403] Loading part xc7a35tftg256-2
INFO: [Synth 8-7079] Multithreading enabled for synth_design using a maximum of 7 processes.
INFO: [Synth 8-7078] Launching helper process for spawning children vivado processes
INFO: [Synth 8-7075] Helper process launched with PID 2122910
---------------------------------------------------------------------------------
Starting RTL Elaboration : Time (s): cpu = 00:00:02 ; elapsed = 00:00:02 . Memory (MB): peak = 2109.484 ; gain = 440.656 ; free physical = 321 ; free virtual = 19795
---------------------------------------------------------------------------------
INFO: [Synth 8-6157] synthesizing module 'alchitry_top' [/home/echristian/alchitry/hex_7_seg/build/vivado/hex_7_seg.srcs/sources_1/imports/source/alchitry_top.sv:7]
INFO: [Synth 8-6157] synthesizing module 'reset_conditioner' [/home/echristian/alchitry/hex_7_seg/build/vivado/hex_7_seg.srcs/sources_1/imports/source/reset_conditioner.sv:7]
	Parameter STAGES bound to: 3'b100 
INFO: [Synth 8-6155] done synthesizing module 'reset_conditioner' (0#1) [/home/echristian/alchitry/hex_7_seg/build/vivado/hex_7_seg.srcs/sources_1/imports/source/reset_conditioner.sv:7]
INFO: [Synth 8-6157] synthesizing module 'seven_seg_multiplexer' [/home/echristian/alchitry/hex_7_seg/build/vivado/hex_7_seg.srcs/sources_1/imports/source/seven_seg_multiplexer.sv:7]
	Parameter NUM_SEGMENTS bound to: 3'b100 
	Parameter MAX_VALUE bound to: 3'b101 
INFO: [Synth 8-6155] done synthesizing module 'seven_seg_multiplexer' (0#1) [/home/echristian/alchitry/hex_7_seg/build/vivado/hex_7_seg.srcs/sources_1/imports/source/seven_seg_multiplexer.sv:7]
INFO: [Synth 8-6157] synthesizing module 'display_seven_seg_hex' [/home/echristian/alchitry/hex_7_seg/build/vivado/hex_7_seg.srcs/sources_1/imports/source/display_seven_seg_hex.sv:7]
INFO: [Synth 8-6157] synthesizing module 'arbiter' [/home/echristian/alchitry/hex_7_seg/build/vivado/hex_7_seg.srcs/sources_1/imports/source/arbiter.sv:7]
	Parameter WIDTH bound to: 4'b1100 
INFO: [Synth 8-6155] done synthesizing module 'arbiter' (0#1) [/home/echristian/alchitry/hex_7_seg/build/vivado/hex_7_seg.srcs/sources_1/imports/source/arbiter.sv:7]
WARNING: [Synth 8-689] width (16) of port connection 'in' does not match port width (12) of module 'arbiter' [/home/echristian/alchitry/hex_7_seg/build/vivado/hex_7_seg.srcs/sources_1/imports/source/display_seven_seg_hex.sv:21]
INFO: [Synth 8-6157] synthesizing module 'encoder' [/home/echristian/alchitry/hex_7_seg/build/vivado/hex_7_seg.srcs/sources_1/imports/source/encoder.sv:7]
	Parameter WIDTH bound to: 4'b1100 
INFO: [Synth 8-6155] done synthesizing module 'encoder' (0#1) [/home/echristian/alchitry/hex_7_seg/build/vivado/hex_7_seg.srcs/sources_1/imports/source/encoder.sv:7]
INFO: [Synth 8-6155] done synthesizing module 'display_seven_seg_hex' (0#1) [/home/echristian/alchitry/hex_7_seg/build/vivado/hex_7_seg.srcs/sources_1/imports/source/display_seven_seg_hex.sv:7]
INFO: [Synth 8-6157] synthesizing module 'seven_seg_digit' [/home/echristian/alchitry/hex_7_seg/build/vivado/hex_7_seg.srcs/sources_1/imports/source/seven_seg_digit.sv:7]
INFO: [Synth 8-226] default block is never used [/home/echristian/alchitry/hex_7_seg/build/vivado/hex_7_seg.srcs/sources_1/imports/source/seven_seg_digit.sv:16]
INFO: [Synth 8-6155] done synthesizing module 'seven_seg_digit' (0#1) [/home/echristian/alchitry/hex_7_seg/build/vivado/hex_7_seg.srcs/sources_1/imports/source/seven_seg_digit.sv:7]
INFO: [Synth 8-6155] done synthesizing module 'alchitry_top' (0#1) [/home/echristian/alchitry/hex_7_seg/build/vivado/hex_7_seg.srcs/sources_1/imports/source/alchitry_top.sv:7]
WARNING: [Synth 8-3917] design alchitry_top has port led[7] driven by constant 0
WARNING: [Synth 8-3917] design alchitry_top has port led[6] driven by constant 0
WARNING: [Synth 8-3917] design alchitry_top has port led[5] driven by constant 0
WARNING: [Synth 8-3917] design alchitry_top has port led[4] driven by constant 0
WARNING: [Synth 8-3917] design alchitry_top has port led[3] driven by constant 0
WARNING: [Synth 8-3917] design alchitry_top has port led[2] driven by constant 0
WARNING: [Synth 8-3917] design alchitry_top has port led[1] driven by constant 0
WARNING: [Synth 8-3917] design alchitry_top has port led[0] driven by constant 0
WARNING: [Synth 8-3917] design alchitry_top has port io_led[2][7] driven by constant 0
WARNING: [Synth 8-3917] design alchitry_top has port io_led[2][6] driven by constant 0
WARNING: [Synth 8-3917] design alchitry_top has port io_led[2][5] driven by constant 0
WARNING: [Synth 8-3917] design alchitry_top has port io_led[2][4] driven by constant 0
WARNING: [Synth 8-3917] design alchitry_top has port io_led[2][3] driven by constant 0
WARNING: [Synth 8-3917] design alchitry_top has port io_led[2][2] driven by constant 0
WARNING: [Synth 8-3917] design alchitry_top has port io_led[2][1] driven by constant 0
WARNING: [Synth 8-3917] design alchitry_top has port io_led[2][0] driven by constant 0
WARNING: [Synth 8-3917] design alchitry_top has port io_led[1][7] driven by constant 0
WARNING: [Synth 8-3917] design alchitry_top has port io_led[1][6] driven by constant 0
WARNING: [Synth 8-3917] design alchitry_top has port io_led[1][5] driven by constant 0
WARNING: [Synth 8-3917] design alchitry_top has port io_led[1][4] driven by constant 0
WARNING: [Synth 8-3917] design alchitry_top has port io_led[1][3] driven by constant 0
WARNING: [Synth 8-7129] Port clk in module display_seven_seg_hex is either unconnected or has no load
WARNING: [Synth 8-7129] Port rst in module display_seven_seg_hex is either unconnected or has no load
WARNING: [Synth 8-7129] Port io_button[4] in module alchitry_top is either unconnected or has no load
WARNING: [Synth 8-7129] Port io_button[3] in module alchitry_top is either unconnected or has no load
WARNING: [Synth 8-7129] Port io_button[2] in module alchitry_top is either unconnected or has no load
WARNING: [Synth 8-7129] Port io_button[1] in module alchitry_top is either unconnected or has no load
WARNING: [Synth 8-7129] Port io_button[0] in module alchitry_top is either unconnected or has no load
WARNING: [Synth 8-7129] Port io_dip[2][7] in module alchitry_top is either unconnected or has no load
WARNING: [Synth 8-7129] Port io_dip[2][6] in module alchitry_top is either unconnected or has no load
WARNING: [Synth 8-7129] Port io_dip[2][5] in module alchitry_top is either unconnected or has no load
WARNING: [Synth 8-7129] Port io_dip[2][4] in module alchitry_top is either unconnected or has no load
WARNING: [Synth 8-7129] Port io_dip[2][3] in module alchitry_top is either unconnected or has no load
WARNING: [Synth 8-7129] Port io_dip[2][2] in module alchitry_top is either unconnected or has no load
WARNING: [Synth 8-7129] Port io_dip[2][1] in module alchitry_top is either unconnected or has no load
WARNING: [Synth 8-7129] Port io_dip[1][7] in module alchitry_top is either unconnected or has no load
WARNING: [Synth 8-7129] Port io_dip[1][6] in module alchitry_top is either unconnected or has no load
WARNING: [Synth 8-7129] Port io_dip[1][5] in module alchitry_top is either unconnected or has no load
WARNING: [Synth 8-7129] Port io_dip[1][4] in module alchitry_top is either unconnected or has no load
WARNING: [Synth 8-7129] Port io_dip[1][3] in module alchitry_top is either unconnected or has no load
WARNING: [Synth 8-7129] Port io_dip[1][2] in module alchitry_top is either unconnected or has no load
WARNING: [Synth 8-7129] Port io_dip[1][1] in module alchitry_top is either unconnected or has no load
WARNING: [Synth 8-7129] Port io_dip[1][0] in module alchitry_top is either unconnected or has no load
WARNING: [Synth 8-7129] Port io_dip[0][7] in module alchitry_top is either unconnected or has no load
WARNING: [Synth 8-7129] Port io_dip[0][6] in module alchitry_top is either unconnected or has no load
WARNING: [Synth 8-7129] Port io_dip[0][5] in module alchitry_top is either unconnected or has no load
WARNING: [Synth 8-7129] Port io_dip[0][4] in module alchitry_top is either unconnected or has no load
WARNING: [Synth 8-7129] Port io_dip[0][3] in module alchitry_top is either unconnected or has no load
WARNING: [Synth 8-7129] Port io_dip[0][2] in module alchitry_top is either unconnected or has no load
WARNING: [Synth 8-7129] Port io_dip[0][1] in module alchitry_top is either unconnected or has no load
WARNING: [Synth 8-7129] Port io_dip[0][0] in module alchitry_top is either unconnected or has no load
---------------------------------------------------------------------------------
Finished RTL Elaboration : Time (s): cpu = 00:00:03 ; elapsed = 00:00:03 . Memory (MB): peak = 2182.453 ; gain = 513.625 ; free physical = 301 ; free virtual = 19777
---------------------------------------------------------------------------------
---------------------------------------------------------------------------------
Start Handling Custom Attributes
---------------------------------------------------------------------------------
---------------------------------------------------------------------------------
Finished Handling Custom Attributes : Time (s): cpu = 00:00:03 ; elapsed = 00:00:03 . Memory (MB): peak = 2200.266 ; gain = 531.438 ; free physical = 301 ; free virtual = 19777
---------------------------------------------------------------------------------
---------------------------------------------------------------------------------
Finished RTL Optimization Phase 1 : Time (s): cpu = 00:00:03 ; elapsed = 00:00:03 . Memory (MB): peak = 2200.266 ; gain = 531.438 ; free physical = 301 ; free virtual = 19777
---------------------------------------------------------------------------------
Netlist sorting complete. Time (s): cpu = 00:00:00 ; elapsed = 00:00:00 . Memory (MB): peak = 2200.266 ; gain = 0.000 ; free physical = 301 ; free virtual = 19777
INFO: [Project 1-570] Preparing netlist for logic optimization

Processing XDC Constraints
Initializing timing engine
Parsing XDC File [/home/echristian/alchitry/hex_7_seg/build/constraint/alchitry.xdc]
Finished Parsing XDC File [/home/echristian/alchitry/hex_7_seg/build/constraint/alchitry.xdc]
INFO: [Project 1-236] Implementation specific constraints were found while reading constraint file [/home/echristian/alchitry/hex_7_seg/build/constraint/alchitry.xdc]. These constraints will be ignored for synthesis but will be used in implementation. Impacted constraints are listed in the file [.Xil/alchitry_top_propImpl.xdc].
Resolution: To avoid this warning, move constraints listed in [.Xil/alchitry_top_propImpl.xdc] to another XDC file and exclude this new file from synthesis with the used_in_synthesis property (File Properties dialog in GUI) and re-run elaboration/synthesis.
Parsing XDC File [/home/echristian/alchitry/hex_7_seg/build/constraint/au_props.xdc]
Finished Parsing XDC File [/home/echristian/alchitry/hex_7_seg/build/constraint/au_props.xdc]
Completed Processing XDC Constraints

Netlist sorting complete. Time (s): cpu = 00:00:00 ; elapsed = 00:00:00 . Memory (MB): peak = 2317.004 ; gain = 0.000 ; free physical = 288 ; free virtual = 19781
INFO: [Project 1-111] Unisim Transformation Summary:
No Unisim elements were transformed.

Constraint Validation Runtime : Time (s): cpu = 00:00:00 ; elapsed = 00:00:00 . Memory (MB): peak = 2317.039 ; gain = 0.000 ; free physical = 288 ; free virtual = 19780
---------------------------------------------------------------------------------
Finished Constraint Validation : Time (s): cpu = 00:00:06 ; elapsed = 00:00:07 . Memory (MB): peak = 2317.039 ; gain = 648.211 ; free physical = 431 ; free virtual = 19848
---------------------------------------------------------------------------------
---------------------------------------------------------------------------------
Start Loading Part and Timing Information
---------------------------------------------------------------------------------
Loading part: xc7a35tftg256-2
---------------------------------------------------------------------------------
Finished Loading Part and Timing Information : Time (s): cpu = 00:00:06 ; elapsed = 00:00:07 . Memory (MB): peak = 2325.008 ; gain = 656.180 ; free physical = 431 ; free virtual = 19848
---------------------------------------------------------------------------------
---------------------------------------------------------------------------------
Start Applying 'set_property' XDC Constraints
---------------------------------------------------------------------------------
---------------------------------------------------------------------------------
Finished applying 'set_property' XDC Constraints : Time (s): cpu = 00:00:06 ; elapsed = 00:00:07 . Memory (MB): peak = 2325.008 ; gain = 656.180 ; free physical = 433 ; free virtual = 19849
---------------------------------------------------------------------------------
---------------------------------------------------------------------------------
Finished RTL Optimization Phase 2 : Time (s): cpu = 00:00:07 ; elapsed = 00:00:07 . Memory (MB): peak = 2325.008 ; gain = 656.180 ; free physical = 430 ; free virtual = 19848
---------------------------------------------------------------------------------
---------------------------------------------------------------------------------
Start RTL Component Statistics 
---------------------------------------------------------------------------------
Detailed RTL Component Info : 
+---Adders : 
	   2 Input    3 Bit       Adders := 1     
	   2 Input    2 Bit       Adders := 1     
+---XORs : 
	   2 Input      8 Bit         XORs := 1     
	   2 Input      4 Bit         XORs := 1     
+---Registers : 
	                4 Bit    Registers := 1     
	                3 Bit    Registers := 1     
	                2 Bit    Registers := 1     
+---Muxes : 
	   4 Input    8 Bit        Muxes := 1     
	   2 Input    8 Bit        Muxes := 4     
	   4 Input    4 Bit        Muxes := 1     
	   2 Input    2 Bit        Muxes := 1     
	   2 Input    1 Bit        Muxes := 1     
---------------------------------------------------------------------------------
Finished RTL Component Statistics 
---------------------------------------------------------------------------------
---------------------------------------------------------------------------------
Start Part Resource Summary
---------------------------------------------------------------------------------
Part Resources:
DSPs: 90 (col length:60)
BRAMs: 100 (col length: RAMB18 60 RAMB36 30)
---------------------------------------------------------------------------------
Finished Part Resource Summary
---------------------------------------------------------------------------------
---------------------------------------------------------------------------------
Start Cross Boundary and Area Optimization
---------------------------------------------------------------------------------
WARNING: [Synth 8-7080] Parallel synthesis criteria is not met
WARNING: [Synth 8-3917] design alchitry_top has port led[7] driven by constant 0
WARNING: [Synth 8-3917] design alchitry_top has port led[6] driven by constant 0
WARNING: [Synth 8-3917] design alchitry_top has port led[5] driven by constant 0
WARNING: [Synth 8-3917] design alchitry_top has port led[4] driven by constant 0
WARNING: [Synth 8-3917] design alchitry_top has port led[3] driven by constant 0
WARNING: [Synth 8-3917] design alchitry_top has port led[2] driven by constant 0
WARNING: [Synth 8-3917] design alchitry_top has port led[1] driven by constant 0
WARNING: [Synth 8-3917] design alchitry_top has port led[0] driven by constant 0
WARNING: [Synth 8-3917] design alchitry_top has port io_led[2][7] driven by constant 0
WARNING: [Synth 8-3917] design alchitry_top has port io_led[2][6] driven by constant 0
WARNING: [Synth 8-3917] design alchitry_top has port io_led[2][5] driven by constant 0
WARNING: [Synth 8-3917] design alchitry_top has port io_led[2][4] driven by constant 0
WARNING: [Synth 8-3917] design alchitry_top has port io_led[2][3] driven by constant 0
WARNING: [Synth 8-3917] design alchitry_top has port io_led[2][2] driven by constant 0
WARNING: [Synth 8-3917] design alchitry_top has port io_led[2][1] driven by constant 0
WARNING: [Synth 8-3917] design alchitry_top has port io_led[2][0] driven by constant 0
WARNING: [Synth 8-3917] design alchitry_top has port io_led[1][7] driven by constant 0
WARNING: [Synth 8-3917] design alchitry_top has port io_led[1][6] driven by constant 0
WARNING: [Synth 8-3917] design alchitry_top has port io_led[1][5] driven by constant 0
WARNING: [Synth 8-3917] design alchitry_top has port io_led[1][4] driven by constant 0
WARNING: [Synth 8-3917] design alchitry_top has port io_led[1][3] driven by constant 0
WARNING: [Synth 8-3917] design alchitry_top has port io_led[1][2] driven by constant 0
WARNING: [Synth 8-3917] design alchitry_top has port io_led[1][1] driven by constant 0
WARNING: [Synth 8-3917] design alchitry_top has port io_led[1][0] driven by constant 0
WARNING: [Synth 8-3917] design alchitry_top has port io_led[0][7] driven by constant 0
WARNING: [Synth 8-3917] design alchitry_top has port io_led[0][6] driven by constant 0
WARNING: [Synth 8-3917] design alchitry_top has port io_led[0][5] driven by constant 0
WARNING: [Synth 8-3917] design alchitry_top has port io_led[0][4] driven by constant 0
WARNING: [Synth 8-7129] Port io_button[4] in module alchitry_top is either unconnected or has no load
WARNING: [Synth 8-7129] Port io_button[3] in module alchitry_top is either unconnected or has no load
WARNING: [Synth 8-7129] Port io_button[2] in module alchitry_top is either unconnected or has no load
WARNING: [Synth 8-7129] Port io_button[1] in module alchitry_top is either unconnected or has no load
WARNING: [Synth 8-7129] Port io_button[0] in module alchitry_top is either unconnected or has no load
WARNING: [Synth 8-7129] Port io_dip[2][7] in module alchitry_top is either unconnected or has no load
WARNING: [Synth 8-7129] Port io_dip[2][6] in module alchitry_top is either unconnected or has no load
WARNING: [Synth 8-7129] Port io_dip[2][5] in module alchitry_top is either unconnected or has no load
WARNING: [Synth 8-7129] Port io_dip[2][4] in module alchitry_top is either unconnected or has no load
WARNING: [Synth 8-7129] Port io_dip[2][3] in module alchitry_top is either unconnected or has no load
WARNING: [Synth 8-7129] Port io_dip[2][2] in module alchitry_top is either unconnected or has no load
WARNING: [Synth 8-7129] Port io_dip[2][1] in module alchitry_top is either unconnected or has no load
WARNING: [Synth 8-7129] Port io_dip[1][7] in module alchitry_top is either unconnected or has no load
WARNING: [Synth 8-7129] Port io_dip[1][6] in module alchitry_top is either unconnected or has no load
WARNING: [Synth 8-7129] Port io_dip[1][5] in module alchitry_top is either unconnected or has no load
WARNING: [Synth 8-7129] Port io_dip[1][4] in module alchitry_top is either unconnected or has no load
WARNING: [Synth 8-7129] Port io_dip[1][3] in module alchitry_top is either unconnected or has no load
WARNING: [Synth 8-7129] Port io_dip[1][2] in module alchitry_top is either unconnected or has no load
WARNING: [Synth 8-7129] Port io_dip[1][1] in module alchitry_top is either unconnected or has no load
WARNING: [Synth 8-7129] Port io_dip[1][0] in module alchitry_top is either unconnected or has no load
WARNING: [Synth 8-7129] Port io_dip[0][7] in module alchitry_top is either unconnected or has no load
WARNING: [Synth 8-7129] Port io_dip[0][6] in module alchitry_top is either unconnected or has no load
WARNING: [Synth 8-7129] Port io_dip[0][5] in module alchitry_top is either unconnected or has no load
WARNING: [Synth 8-7129] Port io_dip[0][4] in module alchitry_top is either unconnected or has no load
WARNING: [Synth 8-7129] Port io_dip[0][3] in module alchitry_top is either unconnected or has no load
WARNING: [Synth 8-7129] Port io_dip[0][2] in module alchitry_top is either unconnected or has no load
WARNING: [Synth 8-7129] Port io_dip[0][1] in module alchitry_top is either unconnected or has no load
WARNING: [Synth 8-7129] Port io_dip[0][0] in module alchitry_top is either unconnected or has no load
---------------------------------------------------------------------------------
Finished Cross Boundary and Area Optimization : Time (s): cpu = 00:00:08 ; elapsed = 00:00:08 . Memory (MB): peak = 2325.008 ; gain = 656.180 ; free physical = 431 ; free virtual = 19831
---------------------------------------------------------------------------------
---------------------------------------------------------------------------------
Start Applying XDC Timing Constraints
---------------------------------------------------------------------------------
---------------------------------------------------------------------------------
Finished Applying XDC Timing Constraints : Time (s): cpu = 00:00:10 ; elapsed = 00:00:10 . Memory (MB): peak = 2383.008 ; gain = 714.180 ; free physical = 452 ; free virtual = 19792
---------------------------------------------------------------------------------
---------------------------------------------------------------------------------
Start Timing Optimization
---------------------------------------------------------------------------------
---------------------------------------------------------------------------------
Finished Timing Optimization : Time (s): cpu = 00:00:10 ; elapsed = 00:00:10 . Memory (MB): peak = 2392.023 ; gain = 723.195 ; free physical = 436 ; free virtual = 19777
---------------------------------------------------------------------------------
---------------------------------------------------------------------------------
Start Technology Mapping
---------------------------------------------------------------------------------
---------------------------------------------------------------------------------
Finished Technology Mapping : Time (s): cpu = 00:00:10 ; elapsed = 00:00:10 . Memory (MB): peak = 2393.031 ; gain = 724.203 ; free physical = 436 ; free virtual = 19777
---------------------------------------------------------------------------------
---------------------------------------------------------------------------------
Start IO Insertion
---------------------------------------------------------------------------------
---------------------------------------------------------------------------------
Start Flattening Before IO Insertion
---------------------------------------------------------------------------------
---------------------------------------------------------------------------------
Finished Flattening Before IO Insertion
---------------------------------------------------------------------------------
---------------------------------------------------------------------------------
Start Final Netlist Cleanup
---------------------------------------------------------------------------------
---------------------------------------------------------------------------------
Finished Final Netlist Cleanup
---------------------------------------------------------------------------------
---------------------------------------------------------------------------------
Finished IO Insertion : Time (s): cpu = 00:00:12 ; elapsed = 00:00:12 . Memory (MB): peak = 2567.844 ; gain = 899.016 ; free physical = 396 ; free virtual = 19672
---------------------------------------------------------------------------------
---------------------------------------------------------------------------------
Start Renaming Generated Instances
---------------------------------------------------------------------------------
---------------------------------------------------------------------------------
Finished Renaming Generated Instances : Time (s): cpu = 00:00:12 ; elapsed = 00:00:12 . Memory (MB): peak = 2567.844 ; gain = 899.016 ; free physical = 396 ; free virtual = 19672
---------------------------------------------------------------------------------
---------------------------------------------------------------------------------
Start Rebuilding User Hierarchy
---------------------------------------------------------------------------------
---------------------------------------------------------------------------------
Finished Rebuilding User Hierarchy : Time (s): cpu = 00:00:12 ; elapsed = 00:00:12 . Memory (MB): peak = 2567.844 ; gain = 899.016 ; free physical = 396 ; free virtual = 19672
---------------------------------------------------------------------------------
---------------------------------------------------------------------------------
Start Renaming Generated Ports
---------------------------------------------------------------------------------
---------------------------------------------------------------------------------
Finished Renaming Generated Ports : Time (s): cpu = 00:00:12 ; elapsed = 00:00:12 . Memory (MB): peak = 2567.844 ; gain = 899.016 ; free physical = 396 ; free virtual = 19672
---------------------------------------------------------------------------------
---------------------------------------------------------------------------------
Start Handling Custom Attributes
---------------------------------------------------------------------------------
---------------------------------------------------------------------------------
Finished Handling Custom Attributes : Time (s): cpu = 00:00:12 ; elapsed = 00:00:12 . Memory (MB): peak = 2567.844 ; gain = 899.016 ; free physical = 396 ; free virtual = 19672
---------------------------------------------------------------------------------
---------------------------------------------------------------------------------
Start Renaming Generated Nets
---------------------------------------------------------------------------------
---------------------------------------------------------------------------------
Finished Renaming Generated Nets : Time (s): cpu = 00:00:12 ; elapsed = 00:00:12 . Memory (MB): peak = 2567.844 ; gain = 899.016 ; free physical = 396 ; free virtual = 19672
---------------------------------------------------------------------------------
---------------------------------------------------------------------------------
Start Writing Synthesis Report
---------------------------------------------------------------------------------

Report BlackBoxes: 
+-+--------------+----------+
| |BlackBox name |Instances |
+-+--------------+----------+
+-+--------------+----------+

Report Cell Usage: 
+------+-----+------+
|      |Cell |Count |
+------+-----+------+
|1     |BUFG |     1|
|2     |LUT1 |     1|
|3     |LUT2 |     6|
|4     |LUT3 |     1|
|5     |LUT4 |     2|
|6     |LUT5 |     1|
|7     |LUT6 |     1|
|8     |FDPE |     4|
|9     |FDRE |     5|
|10    |IBUF |     4|
|11    |OBUF |    45|
+------+-----+------+
---------------------------------------------------------------------------------
Finished Writing Synthesis Report : Time (s): cpu = 00:00:12 ; elapsed = 00:00:12 . Memory (MB): peak = 2567.844 ; gain = 899.016 ; free physical = 396 ; free virtual = 19672
---------------------------------------------------------------------------------
Synthesis finished with 0 errors, 0 critical warnings and 57 warnings.
Synthesis Optimization Runtime : Time (s): cpu = 00:00:11 ; elapsed = 00:00:11 . Memory (MB): peak = 2567.844 ; gain = 782.242 ; free physical = 391 ; free virtual = 19667
Synthesis Optimization Complete : Time (s): cpu = 00:00:12 ; elapsed = 00:00:12 . Memory (MB): peak = 2567.852 ; gain = 899.016 ; free physical = 391 ; free virtual = 19667
INFO: [Project 1-571] Translating synthesized netlist
Netlist sorting complete. Time (s): cpu = 00:00:00 ; elapsed = 00:00:00 . Memory (MB): peak = 2567.852 ; gain = 0.000 ; free physical = 391 ; free virtual = 19667
INFO: [Project 1-570] Preparing netlist for logic optimization
INFO: [Opt 31-138] Pushed 0 inverter(s) to 0 load pin(s).
Netlist sorting complete. Time (s): cpu = 00:00:00 ; elapsed = 00:00:00 . Memory (MB): peak = 2623.871 ; gain = 0.000 ; free physical = 528 ; free virtual = 19805
INFO: [Project 1-111] Unisim Transformation Summary:
No Unisim elements were transformed.

Synth Design complete | Checksum: 515f9365
INFO: [Common 17-83] Releasing license: Synthesis
28 Infos, 109 Warnings, 0 Critical Warnings and 0 Errors encountered.
synth_design completed successfully
synth_design: Time (s): cpu = 00:00:16 ; elapsed = 00:00:15 . Memory (MB): peak = 2623.906 ; gain = 1050.445 ; free physical = 528 ; free virtual = 19805
INFO: [Common 17-2834] synth_design peak Physical Memory [PSS] (MB): overall = 1757.388; main = 1757.388; forked = 275.351
INFO: [Common 17-2834] synth_design peak Virtual Memory [VSS] (MB): overall = 3288.871; main = 2623.875; forked = 963.859
Write ShapeDB Complete: Time (s): cpu = 00:00:00 ; elapsed = 00:00:00 . Memory (MB): peak = 2647.883 ; gain = 0.000 ; free physical = 528 ; free virtual = 19806
INFO: [Common 17-1381] The checkpoint '/home/echristian/alchitry/hex_7_seg/build/vivado/hex_7_seg.runs/synth_1/alchitry_top.dcp' has been generated.
INFO: [Vivado 12-24828] Executing command : report_utilization -file alchitry_top_utilization_synth.rpt -pb alchitry_top_utilization_synth.pb
INFO: [Common 17-206] Exiting Vivado at Thu Oct 30 08:43:44 2025...
