
*** Running vivado
    with args -log alchitry_top.vds -m64 -product Vivado -mode batch -messageDb vivado.pb -notrace -source alchitry_top.tcl


****** Vivado v2025.1 (64-bit)
  **** SW Build 6140274 on Wed May 21 22:58:25 MDT 2025
  **** IP Build 6138677 on Thu May 22 03:10:11 MDT 2025
  **** SharedData Build 6139179 on Tue May 20 17:58:58 MDT 2025
  **** Start of session at: Tue Oct 28 17:43:28 2025
    ** Copyright 1986-2022 Xilinx, Inc. All Rights Reserved.
    ** Copyright 2022-2025 Advanced Micro Devices, Inc. All Rights Reserved.

source alchitry_top.tcl -notrace
Command: synth_design -top alchitry_top -part xc7a35tftg256-2
Starting synth_design
Attempting to get a license for feature 'Synthesis' and/or device 'xc7a35t'
INFO: [Common 17-349] Got license for feature 'Synthesis' and/or device 'xc7a35t'
INFO: [Device 21-403] Loading part xc7a35tftg256-2
INFO: [Synth 8-7079] Multithreading enabled for synth_design using a maximum of 7 processes.
INFO: [Synth 8-7078] Launching helper process for spawning children vivado processes
INFO: [Synth 8-7075] Helper process launched with PID 45540
---------------------------------------------------------------------------------
Starting RTL Elaboration : Time (s): cpu = 00:00:04 ; elapsed = 00:00:04 . Memory (MB): peak = 2109.504 ; gain = 440.742 ; free physical = 492 ; free virtual = 6434
---------------------------------------------------------------------------------
INFO: [Synth 8-6157] synthesizing module 'alchitry_top' [/home/eddie/alchitry/Eight_Bit_FullAdder/build/vivado/Eight_Bit_FullAdder.srcs/sources_1/imports/source/alchitry_top.sv:7]
INFO: [Synth 8-6157] synthesizing module 'reset_conditioner' [/home/eddie/alchitry/Eight_Bit_FullAdder/build/vivado/Eight_Bit_FullAdder.srcs/sources_1/imports/source/reset_conditioner.sv:7]
	Parameter STAGES bound to: 3'b100 
INFO: [Synth 8-6155] done synthesizing module 'reset_conditioner' (0#1) [/home/eddie/alchitry/Eight_Bit_FullAdder/build/vivado/Eight_Bit_FullAdder.srcs/sources_1/imports/source/reset_conditioner.sv:7]
INFO: [Synth 8-6157] synthesizing module 'eight_adders' [/home/eddie/alchitry/Eight_Bit_FullAdder/build/vivado/Eight_Bit_FullAdder.srcs/sources_1/imports/source/eight_adders.sv:7]
INFO: [Synth 8-6157] synthesizing module 'adder' [/home/eddie/alchitry/Eight_Bit_FullAdder/build/vivado/Eight_Bit_FullAdder.srcs/sources_1/imports/source/adder.sv:7]
INFO: [Synth 8-6155] done synthesizing module 'adder' (0#1) [/home/eddie/alchitry/Eight_Bit_FullAdder/build/vivado/Eight_Bit_FullAdder.srcs/sources_1/imports/source/adder.sv:7]
INFO: [Synth 8-6155] done synthesizing module 'eight_adders' (0#1) [/home/eddie/alchitry/Eight_Bit_FullAdder/build/vivado/Eight_Bit_FullAdder.srcs/sources_1/imports/source/eight_adders.sv:7]
INFO: [Synth 8-6155] done synthesizing module 'alchitry_top' (0#1) [/home/eddie/alchitry/Eight_Bit_FullAdder/build/vivado/Eight_Bit_FullAdder.srcs/sources_1/imports/source/alchitry_top.sv:7]
WARNING: [Synth 8-3917] design alchitry_top has port led[7] driven by constant 0
WARNING: [Synth 8-3917] design alchitry_top has port led[6] driven by constant 0
WARNING: [Synth 8-3917] design alchitry_top has port led[5] driven by constant 0
WARNING: [Synth 8-3917] design alchitry_top has port led[4] driven by constant 0
WARNING: [Synth 8-3917] design alchitry_top has port led[3] driven by constant 0
WARNING: [Synth 8-3917] design alchitry_top has port led[2] driven by constant 0
WARNING: [Synth 8-3917] design alchitry_top has port led[1] driven by constant 0
WARNING: [Synth 8-3917] design alchitry_top has port led[0] driven by constant 0
WARNING: [Synth 8-3917] design alchitry_top has port io_led[2][7] driven by constant 0
WARNING: [Synth 8-3917] design alchitry_top has port io_led[2][6] driven by constant 0
WARNING: [Synth 8-3917] design alchitry_top has port io_led[2][5] driven by constant 0
WARNING: [Synth 8-3917] design alchitry_top has port io_led[2][4] driven by constant 0
WARNING: [Synth 8-3917] design alchitry_top has port io_led[2][3] driven by constant 0
WARNING: [Synth 8-3917] design alchitry_top has port io_led[2][2] driven by constant 0
WARNING: [Synth 8-3917] design alchitry_top has port io_led[2][1] driven by constant 0
WARNING: [Synth 8-3917] design alchitry_top has port io_led[0][7] driven by constant 0
WARNING: [Synth 8-3917] design alchitry_top has port io_led[0][6] driven by constant 0
WARNING: [Synth 8-3917] design alchitry_top has port io_led[0][5] driven by constant 0
WARNING: [Synth 8-3917] design alchitry_top has port io_led[0][4] driven by constant 0
WARNING: [Synth 8-3917] design alchitry_top has port io_led[0][3] driven by constant 0
WARNING: [Synth 8-3917] design alchitry_top has port io_led[0][2] driven by constant 0
WARNING: [Synth 8-3917] design alchitry_top has port io_led[0][1] driven by constant 0
WARNING: [Synth 8-3917] design alchitry_top has port io_led[0][0] driven by constant 0
WARNING: [Synth 8-3917] design alchitry_top has port io_segment[7] driven by constant 1
WARNING: [Synth 8-3917] design alchitry_top has port io_segment[6] driven by constant 1
WARNING: [Synth 8-3917] design alchitry_top has port io_segment[5] driven by constant 1
WARNING: [Synth 8-3917] design alchitry_top has port io_segment[4] driven by constant 1
WARNING: [Synth 8-3917] design alchitry_top has port io_segment[3] driven by constant 1
WARNING: [Synth 8-3917] design alchitry_top has port io_segment[2] driven by constant 1
WARNING: [Synth 8-3917] design alchitry_top has port io_segment[1] driven by constant 1
WARNING: [Synth 8-3917] design alchitry_top has port io_segment[0] driven by constant 1
WARNING: [Synth 8-3917] design alchitry_top has port io_select[3] driven by constant 1
WARNING: [Synth 8-3917] design alchitry_top has port io_select[2] driven by constant 1
WARNING: [Synth 8-3917] design alchitry_top has port io_select[1] driven by constant 1
WARNING: [Synth 8-3917] design alchitry_top has port io_select[0] driven by constant 1
WARNING: [Synth 8-7129] Port io_button[4] in module alchitry_top is either unconnected or has no load
WARNING: [Synth 8-7129] Port io_button[3] in module alchitry_top is either unconnected or has no load
WARNING: [Synth 8-7129] Port io_button[2] in module alchitry_top is either unconnected or has no load
WARNING: [Synth 8-7129] Port io_button[1] in module alchitry_top is either unconnected or has no load
WARNING: [Synth 8-7129] Port io_button[0] in module alchitry_top is either unconnected or has no load
WARNING: [Synth 8-7129] Port io_dip[2][7] in module alchitry_top is either unconnected or has no load
WARNING: [Synth 8-7129] Port io_dip[2][6] in module alchitry_top is either unconnected or has no load
WARNING: [Synth 8-7129] Port io_dip[2][5] in module alchitry_top is either unconnected or has no load
WARNING: [Synth 8-7129] Port io_dip[2][4] in module alchitry_top is either unconnected or has no load
WARNING: [Synth 8-7129] Port io_dip[2][3] in module alchitry_top is either unconnected or has no load
WARNING: [Synth 8-7129] Port io_dip[2][2] in module alchitry_top is either unconnected or has no load
WARNING: [Synth 8-7129] Port io_dip[2][1] in module alchitry_top is either unconnected or has no load
---------------------------------------------------------------------------------
Finished RTL Elaboration : Time (s): cpu = 00:00:05 ; elapsed = 00:00:05 . Memory (MB): peak = 2182.473 ; gain = 513.711 ; free physical = 401 ; free virtual = 6345
---------------------------------------------------------------------------------
---------------------------------------------------------------------------------
Start Handling Custom Attributes
---------------------------------------------------------------------------------
---------------------------------------------------------------------------------
Finished Handling Custom Attributes : Time (s): cpu = 00:00:05 ; elapsed = 00:00:05 . Memory (MB): peak = 2200.285 ; gain = 531.523 ; free physical = 401 ; free virtual = 6345
---------------------------------------------------------------------------------
---------------------------------------------------------------------------------
Finished RTL Optimization Phase 1 : Time (s): cpu = 00:00:05 ; elapsed = 00:00:05 . Memory (MB): peak = 2200.285 ; gain = 531.523 ; free physical = 401 ; free virtual = 6345
---------------------------------------------------------------------------------
Netlist sorting complete. Time (s): cpu = 00:00:00 ; elapsed = 00:00:00 . Memory (MB): peak = 2200.285 ; gain = 0.000 ; free physical = 401 ; free virtual = 6345
INFO: [Project 1-570] Preparing netlist for logic optimization

Processing XDC Constraints
Initializing timing engine
Parsing XDC File [/home/eddie/alchitry/Eight_Bit_FullAdder/build/constraint/alchitry.xdc]
Finished Parsing XDC File [/home/eddie/alchitry/Eight_Bit_FullAdder/build/constraint/alchitry.xdc]
INFO: [Project 1-236] Implementation specific constraints were found while reading constraint file [/home/eddie/alchitry/Eight_Bit_FullAdder/build/constraint/alchitry.xdc]. These constraints will be ignored for synthesis but will be used in implementation. Impacted constraints are listed in the file [.Xil/alchitry_top_propImpl.xdc].
Resolution: To avoid this warning, move constraints listed in [.Xil/alchitry_top_propImpl.xdc] to another XDC file and exclude this new file from synthesis with the used_in_synthesis property (File Properties dialog in GUI) and re-run elaboration/synthesis.
Parsing XDC File [/home/eddie/alchitry/Eight_Bit_FullAdder/build/constraint/au_props.xdc]
Finished Parsing XDC File [/home/eddie/alchitry/Eight_Bit_FullAdder/build/constraint/au_props.xdc]
Completed Processing XDC Constraints

Netlist sorting complete. Time (s): cpu = 00:00:00 ; elapsed = 00:00:00 . Memory (MB): peak = 2321.023 ; gain = 0.000 ; free physical = 383 ; free virtual = 6336
INFO: [Project 1-111] Unisim Transformation Summary:
No Unisim elements were transformed.

Constraint Validation Runtime : Time (s): cpu = 00:00:00 ; elapsed = 00:00:00 . Memory (MB): peak = 2321.059 ; gain = 0.000 ; free physical = 382 ; free virtual = 6336
---------------------------------------------------------------------------------
Finished Constraint Validation : Time (s): cpu = 00:00:11 ; elapsed = 00:00:11 . Memory (MB): peak = 2321.059 ; gain = 652.297 ; free physical = 406 ; free virtual = 6361
---------------------------------------------------------------------------------
---------------------------------------------------------------------------------
Start Loading Part and Timing Information
---------------------------------------------------------------------------------
Loading part: xc7a35tftg256-2
---------------------------------------------------------------------------------
Finished Loading Part and Timing Information : Time (s): cpu = 00:00:11 ; elapsed = 00:00:11 . Memory (MB): peak = 2329.027 ; gain = 660.266 ; free physical = 406 ; free virtual = 6361
---------------------------------------------------------------------------------
---------------------------------------------------------------------------------
Start Applying 'set_property' XDC Constraints
---------------------------------------------------------------------------------
---------------------------------------------------------------------------------
Finished applying 'set_property' XDC Constraints : Time (s): cpu = 00:00:11 ; elapsed = 00:00:11 . Memory (MB): peak = 2329.027 ; gain = 660.266 ; free physical = 407 ; free virtual = 6361
---------------------------------------------------------------------------------
---------------------------------------------------------------------------------
Finished RTL Optimization Phase 2 : Time (s): cpu = 00:00:11 ; elapsed = 00:00:12 . Memory (MB): peak = 2329.027 ; gain = 660.266 ; free physical = 407 ; free virtual = 6362
---------------------------------------------------------------------------------
---------------------------------------------------------------------------------
Start RTL Component Statistics 
---------------------------------------------------------------------------------
Detailed RTL Component Info : 
+---XORs : 
	   3 Input      1 Bit         XORs := 8     
+---Registers : 
	                4 Bit    Registers := 1     
---------------------------------------------------------------------------------
Finished RTL Component Statistics 
---------------------------------------------------------------------------------
---------------------------------------------------------------------------------
Start Part Resource Summary
---------------------------------------------------------------------------------
Part Resources:
DSPs: 90 (col length:60)
BRAMs: 100 (col length: RAMB18 60 RAMB36 30)
---------------------------------------------------------------------------------
Finished Part Resource Summary
---------------------------------------------------------------------------------
---------------------------------------------------------------------------------
Start Cross Boundary and Area Optimization
---------------------------------------------------------------------------------
WARNING: [Synth 8-7080] Parallel synthesis criteria is not met
WARNING: [Synth 8-3917] design alchitry_top has port led[7] driven by constant 0
WARNING: [Synth 8-3917] design alchitry_top has port led[6] driven by constant 0
WARNING: [Synth 8-3917] design alchitry_top has port led[5] driven by constant 0
WARNING: [Synth 8-3917] design alchitry_top has port led[4] driven by constant 0
WARNING: [Synth 8-3917] design alchitry_top has port led[3] driven by constant 0
WARNING: [Synth 8-3917] design alchitry_top has port led[2] driven by constant 0
WARNING: [Synth 8-3917] design alchitry_top has port led[1] driven by constant 0
WARNING: [Synth 8-3917] design alchitry_top has port led[0] driven by constant 0
WARNING: [Synth 8-3917] design alchitry_top has port io_led[2][7] driven by constant 0
WARNING: [Synth 8-3917] design alchitry_top has port io_led[2][6] driven by constant 0
WARNING: [Synth 8-3917] design alchitry_top has port io_led[2][5] driven by constant 0
WARNING: [Synth 8-3917] design alchitry_top has port io_led[2][4] driven by constant 0
WARNING: [Synth 8-3917] design alchitry_top has port io_led[2][3] driven by constant 0
WARNING: [Synth 8-3917] design alchitry_top has port io_led[2][2] driven by constant 0
WARNING: [Synth 8-3917] design alchitry_top has port io_led[2][1] driven by constant 0
WARNING: [Synth 8-3917] design alchitry_top has port io_led[0][7] driven by constant 0
WARNING: [Synth 8-3917] design alchitry_top has port io_led[0][6] driven by constant 0
WARNING: [Synth 8-3917] design alchitry_top has port io_led[0][5] driven by constant 0
WARNING: [Synth 8-3917] design alchitry_top has port io_led[0][4] driven by constant 0
WARNING: [Synth 8-3917] design alchitry_top has port io_led[0][3] driven by constant 0
WARNING: [Synth 8-3917] design alchitry_top has port io_led[0][2] driven by constant 0
WARNING: [Synth 8-3917] design alchitry_top has port io_led[0][1] driven by constant 0
WARNING: [Synth 8-3917] design alchitry_top has port io_led[0][0] driven by constant 0
WARNING: [Synth 8-3917] design alchitry_top has port io_segment[7] driven by constant 1
WARNING: [Synth 8-3917] design alchitry_top has port io_segment[6] driven by constant 1
WARNING: [Synth 8-3917] design alchitry_top has port io_segment[5] driven by constant 1
WARNING: [Synth 8-3917] design alchitry_top has port io_segment[4] driven by constant 1
WARNING: [Synth 8-3917] design alchitry_top has port io_segment[3] driven by constant 1
WARNING: [Synth 8-3917] design alchitry_top has port io_segment[2] driven by constant 1
WARNING: [Synth 8-3917] design alchitry_top has port io_segment[1] driven by constant 1
WARNING: [Synth 8-3917] design alchitry_top has port io_segment[0] driven by constant 1
WARNING: [Synth 8-3917] design alchitry_top has port io_select[3] driven by constant 1
WARNING: [Synth 8-3917] design alchitry_top has port io_select[2] driven by constant 1
WARNING: [Synth 8-3917] design alchitry_top has port io_select[1] driven by constant 1
WARNING: [Synth 8-3917] design alchitry_top has port io_select[0] driven by constant 1
WARNING: [Synth 8-7129] Port clk in module alchitry_top is either unconnected or has no load
WARNING: [Synth 8-7129] Port rst_n in module alchitry_top is either unconnected or has no load
WARNING: [Synth 8-7129] Port io_button[4] in module alchitry_top is either unconnected or has no load
WARNING: [Synth 8-7129] Port io_button[3] in module alchitry_top is either unconnected or has no load
WARNING: [Synth 8-7129] Port io_button[2] in module alchitry_top is either unconnected or has no load
WARNING: [Synth 8-7129] Port io_button[1] in module alchitry_top is either unconnected or has no load
WARNING: [Synth 8-7129] Port io_button[0] in module alchitry_top is either unconnected or has no load
WARNING: [Synth 8-7129] Port io_dip[2][7] in module alchitry_top is either unconnected or has no load
WARNING: [Synth 8-7129] Port io_dip[2][6] in module alchitry_top is either unconnected or has no load
WARNING: [Synth 8-7129] Port io_dip[2][5] in module alchitry_top is either unconnected or has no load
WARNING: [Synth 8-7129] Port io_dip[2][4] in module alchitry_top is either unconnected or has no load
WARNING: [Synth 8-7129] Port io_dip[2][3] in module alchitry_top is either unconnected or has no load
WARNING: [Synth 8-7129] Port io_dip[2][2] in module alchitry_top is either unconnected or has no load
WARNING: [Synth 8-7129] Port io_dip[2][1] in module alchitry_top is either unconnected or has no load
---------------------------------------------------------------------------------
Finished Cross Boundary and Area Optimization : Time (s): cpu = 00:00:13 ; elapsed = 00:00:13 . Memory (MB): peak = 2329.027 ; gain = 660.266 ; free physical = 399 ; free virtual = 6359
---------------------------------------------------------------------------------
---------------------------------------------------------------------------------
Start Applying XDC Timing Constraints
---------------------------------------------------------------------------------
---------------------------------------------------------------------------------
Finished Applying XDC Timing Constraints : Time (s): cpu = 00:00:17 ; elapsed = 00:00:18 . Memory (MB): peak = 2353.027 ; gain = 684.266 ; free physical = 316 ; free virtual = 6284
---------------------------------------------------------------------------------
---------------------------------------------------------------------------------
Start Timing Optimization
---------------------------------------------------------------------------------
---------------------------------------------------------------------------------
Finished Timing Optimization : Time (s): cpu = 00:00:17 ; elapsed = 00:00:18 . Memory (MB): peak = 2353.027 ; gain = 684.266 ; free physical = 316 ; free virtual = 6284
---------------------------------------------------------------------------------
---------------------------------------------------------------------------------
Start Technology Mapping
---------------------------------------------------------------------------------
---------------------------------------------------------------------------------
Finished Technology Mapping : Time (s): cpu = 00:00:17 ; elapsed = 00:00:18 . Memory (MB): peak = 2363.043 ; gain = 694.281 ; free physical = 309 ; free virtual = 6276
---------------------------------------------------------------------------------
---------------------------------------------------------------------------------
Start IO Insertion
---------------------------------------------------------------------------------
---------------------------------------------------------------------------------
Start Flattening Before IO Insertion
---------------------------------------------------------------------------------
---------------------------------------------------------------------------------
Finished Flattening Before IO Insertion
---------------------------------------------------------------------------------
---------------------------------------------------------------------------------
Start Final Netlist Cleanup
---------------------------------------------------------------------------------
---------------------------------------------------------------------------------
Finished Final Netlist Cleanup
---------------------------------------------------------------------------------
---------------------------------------------------------------------------------
Finished IO Insertion : Time (s): cpu = 00:00:20 ; elapsed = 00:00:21 . Memory (MB): peak = 2545.855 ; gain = 877.094 ; free physical = 166 ; free virtual = 6134
---------------------------------------------------------------------------------
---------------------------------------------------------------------------------
Start Renaming Generated Instances
---------------------------------------------------------------------------------
---------------------------------------------------------------------------------
Finished Renaming Generated Instances : Time (s): cpu = 00:00:20 ; elapsed = 00:00:21 . Memory (MB): peak = 2545.855 ; gain = 877.094 ; free physical = 166 ; free virtual = 6134
---------------------------------------------------------------------------------
---------------------------------------------------------------------------------
Start Rebuilding User Hierarchy
---------------------------------------------------------------------------------
---------------------------------------------------------------------------------
Finished Rebuilding User Hierarchy : Time (s): cpu = 00:00:20 ; elapsed = 00:00:21 . Memory (MB): peak = 2545.855 ; gain = 877.094 ; free physical = 166 ; free virtual = 6134
---------------------------------------------------------------------------------
---------------------------------------------------------------------------------
Start Renaming Generated Ports
---------------------------------------------------------------------------------
---------------------------------------------------------------------------------
Finished Renaming Generated Ports : Time (s): cpu = 00:00:20 ; elapsed = 00:00:21 . Memory (MB): peak = 2545.855 ; gain = 877.094 ; free physical = 166 ; free virtual = 6134
---------------------------------------------------------------------------------
---------------------------------------------------------------------------------
Start Handling Custom Attributes
---------------------------------------------------------------------------------
---------------------------------------------------------------------------------
Finished Handling Custom Attributes : Time (s): cpu = 00:00:20 ; elapsed = 00:00:21 . Memory (MB): peak = 2545.855 ; gain = 877.094 ; free physical = 166 ; free virtual = 6134
---------------------------------------------------------------------------------
---------------------------------------------------------------------------------
Start Renaming Generated Nets
---------------------------------------------------------------------------------
---------------------------------------------------------------------------------
Finished Renaming Generated Nets : Time (s): cpu = 00:00:20 ; elapsed = 00:00:21 . Memory (MB): peak = 2545.855 ; gain = 877.094 ; free physical = 166 ; free virtual = 6134
---------------------------------------------------------------------------------
---------------------------------------------------------------------------------
Start Writing Synthesis Report
---------------------------------------------------------------------------------

Report BlackBoxes: 
+-+--------------+----------+
| |BlackBox name |Instances |
+-+--------------+----------+
+-+--------------+----------+

Report Cell Usage: 
+------+-----+------+
|      |Cell |Count |
+------+-----+------+
|1     |LUT3 |     4|
|2     |LUT5 |     8|
|3     |IBUF |    18|
|4     |OBUF |    45|
+------+-----+------+
---------------------------------------------------------------------------------
Finished Writing Synthesis Report : Time (s): cpu = 00:00:20 ; elapsed = 00:00:21 . Memory (MB): peak = 2545.855 ; gain = 877.094 ; free physical = 166 ; free virtual = 6134
---------------------------------------------------------------------------------
Synthesis finished with 0 errors, 0 critical warnings and 50 warnings.
Synthesis Optimization Runtime : Time (s): cpu = 00:00:19 ; elapsed = 00:00:19 . Memory (MB): peak = 2545.855 ; gain = 756.320 ; free physical = 169 ; free virtual = 6137
Synthesis Optimization Complete : Time (s): cpu = 00:00:20 ; elapsed = 00:00:21 . Memory (MB): peak = 2545.863 ; gain = 877.094 ; free physical = 169 ; free virtual = 6137
INFO: [Project 1-571] Translating synthesized netlist
Netlist sorting complete. Time (s): cpu = 00:00:00 ; elapsed = 00:00:00 . Memory (MB): peak = 2545.863 ; gain = 0.000 ; free physical = 170 ; free virtual = 6137
INFO: [Project 1-570] Preparing netlist for logic optimization
INFO: [Opt 31-138] Pushed 0 inverter(s) to 0 load pin(s).
Netlist sorting complete. Time (s): cpu = 00:00:00 ; elapsed = 00:00:00 . Memory (MB): peak = 2601.883 ; gain = 0.000 ; free physical = 291 ; free virtual = 6259
INFO: [Project 1-111] Unisim Transformation Summary:
No Unisim elements were transformed.

Synth Design complete | Checksum: 5232aea4
INFO: [Common 17-83] Releasing license: Synthesis
21 Infos, 97 Warnings, 0 Critical Warnings and 0 Errors encountered.
synth_design completed successfully
synth_design: Time (s): cpu = 00:00:28 ; elapsed = 00:00:26 . Memory (MB): peak = 2601.918 ; gain = 1041.461 ; free physical = 291 ; free virtual = 6259
INFO: [Common 17-2834] synth_design peak Physical Memory [PSS] (MB): overall = 1915.671; main = 1730.110; forked = 274.838
INFO: [Common 17-2834] synth_design peak Virtual Memory [VSS] (MB): overall = 3455.906; main = 2601.887; forked = 963.859
Write ShapeDB Complete: Time (s): cpu = 00:00:00 ; elapsed = 00:00:00 . Memory (MB): peak = 2625.895 ; gain = 0.000 ; free physical = 291 ; free virtual = 6259
INFO: [Common 17-1381] The checkpoint '/home/eddie/alchitry/Eight_Bit_FullAdder/build/vivado/Eight_Bit_FullAdder.runs/synth_1/alchitry_top.dcp' has been generated.
INFO: [Vivado 12-24828] Executing command : report_utilization -file alchitry_top_utilization_synth.rpt -pb alchitry_top_utilization_synth.pb
INFO: [Common 17-206] Exiting Vivado at Tue Oct 28 17:43:59 2025...
