Copyright 1986-2022 Xilinx, Inc. All Rights Reserved. Copyright 2022-2025 Advanced Micro Devices, Inc. All Rights Reserved.
------------------------------------------------------------------------------------------------------------------------------------------------------------------------------------------------------------------------------------------------
| Tool Version : Vivado v.2025.1 (lin64) Build 6140274 Wed May 21 22:58:25 MDT 2025
| Date         : Tue Oct 28 17:25:55 2025
| Host         : eddie-HP-Pavilion-Gaming-Laptop-16-a0xxx running 64-bit Ubuntu 24.04.3 LTS
| Command      : report_timing_summary -max_paths 10 -routable_nets -report_unconstrained -file alchitry_top_timing_summary_routed.rpt -pb alchitry_top_timing_summary_routed.pb -rpx alchitry_top_timing_summary_routed.rpx -warn_on_violation
| Design       : alchitry_top
| Device       : 7a35t-ftg256
| Speed File   : -2  PRODUCTION 1.23 2018-06-13
| Design State : Routed
------------------------------------------------------------------------------------------------------------------------------------------------------------------------------------------------------------------------------------------------

Timing Summary Report

------------------------------------------------------------------------------------------------
| Timer Settings
| --------------
------------------------------------------------------------------------------------------------

  Enable Multi Corner Analysis               :  Yes
  Enable Pessimism Removal                   :  Yes
  Pessimism Removal Resolution               :  Nearest Common Node
  Enable Input Delay Default Clock           :  No
  Enable Preset / Clear Arcs                 :  No
  Disable Flight Delays                      :  No
  Ignore I/O Paths                           :  No
  Timing Early Launch at Borrowing Latches   :  No
  Borrow Time for Max Delay Exceptions       :  Yes
  Merge Timing Exceptions                    :  Yes
  Inter-SLR Compensation                     :  Conservative

  Corner  Analyze    Analyze    
  Name    Max Paths  Min Paths  
  ------  ---------  ---------  
  Slow    Yes        Yes        
  Fast    Yes        Yes        


------------------------------------------------------------------------------------------------
| Report Methodology
| ------------------
------------------------------------------------------------------------------------------------

No report available as report_methodology has not been run prior. Run report_methodology on the current design for the summary of methodology violations.



check_timing report

Table of Contents
-----------------
1. checking no_clock (0)
2. checking constant_clock (0)
3. checking pulse_width_clock (0)
4. checking unconstrained_internal_endpoints (0)
5. checking no_input_delay (0)
6. checking no_output_delay (0)
7. checking multiple_clock (0)
8. checking generated_clocks (0)
9. checking loops (0)
10. checking partial_input_delay (0)
11. checking partial_output_delay (0)
12. checking latch_loops (0)

1. checking no_clock (0)
------------------------
 There are 0 register/latch pins with no clock.


2. checking constant_clock (0)
------------------------------
 There are 0 register/latch pins with constant_clock.


3. checking pulse_width_clock (0)
---------------------------------
 There are 0 register/latch pins which need pulse_width check


4. checking unconstrained_internal_endpoints (0)
------------------------------------------------
 There are 0 pins that are not constrained for maximum delay.

 There are 0 pins that are not constrained for maximum delay due to constant clock.


5. checking no_input_delay (0)
------------------------------
 There are 0 input ports with no input delay specified.

 There are 0 input ports with no input delay but user has a false path constraint.


6. checking no_output_delay (0)
-------------------------------
 There are 0 ports with no output delay specified.

 There are 0 ports with no output delay but user has a false path constraint

 There are 0 ports with no output delay but with a timing clock defined on it or propagating through it


7. checking multiple_clock (0)
------------------------------
 There are 0 register/latch pins with multiple clocks.


8. checking generated_clocks (0)
--------------------------------
 There are 0 generated clocks that are not connected to a clock source.


9. checking loops (0)
---------------------
 There are 0 combinational loops in the design.


10. checking partial_input_delay (0)
------------------------------------
 There are 0 input ports with partial input delay specified.


11. checking partial_output_delay (0)
-------------------------------------
 There are 0 ports with partial output delay specified.


12. checking latch_loops (0)
----------------------------
 There are 0 combinational latch loops in the design through latch input



------------------------------------------------------------------------------------------------
| Design Timing Summary
| ---------------------
------------------------------------------------------------------------------------------------

    WNS(ns)      TNS(ns)  TNS Failing Endpoints  TNS Total Endpoints      WHS(ns)      THS(ns)  THS Failing Endpoints  THS Total Endpoints     WPWS(ns)     TPWS(ns)  TPWS Failing Endpoints  TPWS Total Endpoints  
    -------      -------  ---------------------  -------------------      -------      -------  ---------------------  -------------------     --------     --------  ----------------------  --------------------  
        inf        0.000                      0                    3          inf        0.000                      0                    3           NA           NA                      NA                    NA  


All user specified timing constraints are met.


------------------------------------------------------------------------------------------------
| Clock Summary
| -------------
------------------------------------------------------------------------------------------------

Clock  Waveform(ns)       Period(ns)      Frequency(MHz)
-----  ------------       ----------      --------------
clk_0  {0.000 5.000}      10.000          100.000         


------------------------------------------------------------------------------------------------
| Intra Clock Table
| -----------------
------------------------------------------------------------------------------------------------

Clock             WNS(ns)      TNS(ns)  TNS Failing Endpoints  TNS Total Endpoints      WHS(ns)      THS(ns)  THS Failing Endpoints  THS Total Endpoints     WPWS(ns)     TPWS(ns)  TPWS Failing Endpoints  TPWS Total Endpoints  
-----             -------      -------  ---------------------  -------------------      -------      -------  ---------------------  -------------------     --------     --------  ----------------------  --------------------  


------------------------------------------------------------------------------------------------
| Inter Clock Table
| -----------------
------------------------------------------------------------------------------------------------

From Clock    To Clock          WNS(ns)      TNS(ns)  TNS Failing Endpoints  TNS Total Endpoints      WHS(ns)      THS(ns)  THS Failing Endpoints  THS Total Endpoints  
----------    --------          -------      -------  ---------------------  -------------------      -------      -------  ---------------------  -------------------  


------------------------------------------------------------------------------------------------
| Other Path Groups Table
| -----------------------
------------------------------------------------------------------------------------------------

Path Group    From Clock    To Clock          WNS(ns)      TNS(ns)  TNS Failing Endpoints  TNS Total Endpoints      WHS(ns)      THS(ns)  THS Failing Endpoints  THS Total Endpoints  
----------    ----------    --------          -------      -------  ---------------------  -------------------      -------      -------  ---------------------  -------------------  


------------------------------------------------------------------------------------------------
| User Ignored Path Table
| -----------------------
------------------------------------------------------------------------------------------------

Path Group    From Clock    To Clock    
----------    ----------    --------    


------------------------------------------------------------------------------------------------
| Unconstrained Path Table
| ------------------------
------------------------------------------------------------------------------------------------

Path Group    From Clock    To Clock    
----------    ----------    --------    
(none)                                    


------------------------------------------------------------------------------------------------
| Timing Details
| --------------
------------------------------------------------------------------------------------------------


--------------------------------------------------------------------------------------
Path Group:  (none)
From Clock:  
  To Clock:  

Max Delay             3 Endpoints
Min Delay             3 Endpoints
--------------------------------------------------------------------------------------


Max Delay Paths
--------------------------------------------------------------------------------------
Slack:                    inf
  Source:                 io_dip[2][0]
                            (input port)
  Destination:            io_led[0][1]
                            (output port)
  Path Group:             (none)
  Path Type:              Max at Slow Process Corner
  Data Path Delay:        10.725ns  (logic 5.002ns (46.638%)  route 5.723ns (53.362%))
  Logic Levels:           3  (IBUF=1 LUT3=1 OBUF=1)

    Location             Delay type                Incr(ns)  Path(ns)    Netlist Resource(s)
  -------------------------------------------------------------------    -------------------
    T10                                               0.000     0.000 r  io_dip[2][0] (IN)
                         net (fo=0)                   0.000     0.000    io_dip[2][0]
    T10                  IBUF (Prop_ibuf_I_O)         1.443     1.443 r  sum0_i_3/O
                         net (fo=2, routed)           4.184     5.626    full_adder/io_led[0][0]_1
    SLICE_X65Y84         LUT3 (Prop_lut3_I1_O)        0.108     5.734 r  full_adder/cout0/O
                         net (fo=1, routed)           1.540     7.274    io_led[0]_OBUF[1]
    C7                   OBUF (Prop_obuf_I_O)         3.451    10.725 r  io_led[0][1]_INST_0/O
                         net (fo=0)                   0.000    10.725    io_led[0][1]
    C7                                                                r  io_led[0][1] (OUT)
  -------------------------------------------------------------------    -------------------

Slack:                    inf
  Source:                 io_dip[2][0]
                            (input port)
  Destination:            io_led[0][0]
                            (output port)
  Path Group:             (none)
  Path Type:              Max at Slow Process Corner
  Data Path Delay:        10.552ns  (logic 4.840ns (45.868%)  route 5.712ns (54.132%))
  Logic Levels:           3  (IBUF=1 LUT3=1 OBUF=1)

    Location             Delay type                Incr(ns)  Path(ns)    Netlist Resource(s)
  -------------------------------------------------------------------    -------------------
    T10                                               0.000     0.000 r  io_dip[2][0] (IN)
                         net (fo=0)                   0.000     0.000    io_dip[2][0]
    T10                  IBUF (Prop_ibuf_I_O)         1.443     1.443 r  sum0_i_3/O
                         net (fo=2, routed)           4.184     5.626    full_adder/io_led[0][0]_1
    SLICE_X65Y84         LUT3 (Prop_lut3_I2_O)        0.105     5.731 r  full_adder/sum0/O
                         net (fo=1, routed)           1.529     7.260    io_led[0]_OBUF[0]
    C6                   OBUF (Prop_obuf_I_O)         3.293    10.552 r  io_led[0][0]_INST_0/O
                         net (fo=0)                   0.000    10.552    io_led[0][0]
    C6                                                                r  io_led[0][0] (OUT)
  -------------------------------------------------------------------    -------------------

Slack:                    inf
  Source:                 usb_rx
                            (input port)
  Destination:            usb_tx
                            (output port)
  Path Group:             (none)
  Path Type:              Max at Slow Process Corner
  Data Path Delay:        6.286ns  (logic 4.718ns (75.056%)  route 1.568ns (24.944%))
  Logic Levels:           2  (IBUF=1 OBUF=1)

    Location             Delay type                Incr(ns)  Path(ns)    Netlist Resource(s)
  -------------------------------------------------------------------    -------------------
    P15                                               0.000     0.000 r  usb_rx (IN)
                         net (fo=0)                   0.000     0.000    usb_rx
    P15                  IBUF (Prop_ibuf_I_O)         1.426     1.426 r  usb_rx_IBUF_inst/O
                         net (fo=1, routed)           1.568     2.994    usb_tx_OBUF
    P16                  OBUF (Prop_obuf_I_O)         3.292     6.286 r  usb_tx_OBUF_inst/O
                         net (fo=0)                   0.000     6.286    usb_tx
    P16                                                               r  usb_tx (OUT)
  -------------------------------------------------------------------    -------------------





Min Delay Paths
--------------------------------------------------------------------------------------
Slack:                    inf
  Source:                 usb_rx
                            (input port)
  Destination:            usb_tx
                            (output port)
  Path Group:             (none)
  Path Type:              Min at Fast Process Corner
  Data Path Delay:        1.868ns  (logic 1.510ns (80.833%)  route 0.358ns (19.167%))
  Logic Levels:           2  (IBUF=1 OBUF=1)

    Location             Delay type                Incr(ns)  Path(ns)    Netlist Resource(s)
  -------------------------------------------------------------------    -------------------
    P15                                               0.000     0.000 r  usb_rx (IN)
                         net (fo=0)                   0.000     0.000    usb_rx
    P15                  IBUF (Prop_ibuf_I_O)         0.263     0.263 r  usb_rx_IBUF_inst/O
                         net (fo=1, routed)           0.358     0.621    usb_tx_OBUF
    P16                  OBUF (Prop_obuf_I_O)         1.247     1.868 r  usb_tx_OBUF_inst/O
                         net (fo=0)                   0.000     1.868    usb_tx
    P16                                                               r  usb_tx (OUT)
  -------------------------------------------------------------------    -------------------

Slack:                    inf
  Source:                 io_dip[0][0]
                            (input port)
  Destination:            io_led[0][0]
                            (output port)
  Path Group:             (none)
  Path Type:              Min at Fast Process Corner
  Data Path Delay:        2.332ns  (logic 1.555ns (66.699%)  route 0.777ns (33.301%))
  Logic Levels:           3  (IBUF=1 LUT3=1 OBUF=1)

    Location             Delay type                Incr(ns)  Path(ns)    Netlist Resource(s)
  -------------------------------------------------------------------    -------------------
    B2                                                0.000     0.000 r  io_dip[0][0] (IN)
                         net (fo=0)                   0.000     0.000    io_dip[0][0]
    B2                   IBUF (Prop_ibuf_I_O)         0.263     0.263 r  sum0_i_2/O
                         net (fo=2, routed)           0.368     0.630    full_adder/io_led[0][0]_0
    SLICE_X65Y84         LUT3 (Prop_lut3_I1_O)        0.045     0.675 r  full_adder/sum0/O
                         net (fo=1, routed)           0.409     1.084    io_led[0]_OBUF[0]
    C6                   OBUF (Prop_obuf_I_O)         1.248     2.332 r  io_led[0][0]_INST_0/O
                         net (fo=0)                   0.000     2.332    io_led[0][0]
    C6                                                                r  io_led[0][0] (OUT)
  -------------------------------------------------------------------    -------------------

Slack:                    inf
  Source:                 io_dip[0][0]
                            (input port)
  Destination:            io_led[0][1]
                            (output port)
  Path Group:             (none)
  Path Type:              Min at Fast Process Corner
  Data Path Delay:        2.392ns  (logic 1.615ns (67.509%)  route 0.777ns (32.491%))
  Logic Levels:           3  (IBUF=1 LUT3=1 OBUF=1)

    Location             Delay type                Incr(ns)  Path(ns)    Netlist Resource(s)
  -------------------------------------------------------------------    -------------------
    B2                                                0.000     0.000 r  io_dip[0][0] (IN)
                         net (fo=0)                   0.000     0.000    io_dip[0][0]
    B2                   IBUF (Prop_ibuf_I_O)         0.263     0.263 r  sum0_i_2/O
                         net (fo=2, routed)           0.368     0.630    full_adder/io_led[0][0]_0
    SLICE_X65Y84         LUT3 (Prop_lut3_I0_O)        0.046     0.676 r  full_adder/cout0/O
                         net (fo=1, routed)           0.410     1.086    io_led[0]_OBUF[1]
    C7                   OBUF (Prop_obuf_I_O)         1.306     2.392 r  io_led[0][1]_INST_0/O
                         net (fo=0)                   0.000     2.392    io_led[0][1]
    C7                                                                r  io_led[0][1] (OUT)
  -------------------------------------------------------------------    -------------------





