Copyright 1986-2022 Xilinx, Inc. All Rights Reserved. Copyright 2022-2025 Advanced Micro Devices, Inc. All Rights Reserved.
---------------------------------------------------------------------------------------------------------------------------------------------
| Tool Version : Vivado v.2025.1 (lin64) Build 6140274 Wed May 21 22:58:25 MDT 2025
| Date         : Wed Oct 29 10:03:35 2025
| Host         : cv-emb-T14G6-EC running 64-bit Ubuntu 24.04.3 LTS
| Command      : report_drc -file alchitry_top_drc_opted.rpt -pb alchitry_top_drc_opted.pb -rpx alchitry_top_drc_opted.rpx
| Design       : alchitry_top
| Device       : xc7a35tftg256-2
| Speed File   : -2
| Design State : Synthesized
---------------------------------------------------------------------------------------------------------------------------------------------

Report DRC

Table of Contents
-----------------
1. REPORT SUMMARY
2. REPORT DETAILS

1. REPORT SUMMARY
-----------------
            Netlist: netlist
          Floorplan: design_1
      Design limits: <entire design considered>
           Ruledeck: default
             Max checks: <unlimited>
             Checks found: 0
+------+----------+-------------+--------+
| Rule | Severity | Description | Checks |
+------+----------+-------------+--------+
+------+----------+-------------+--------+

2. REPORT DETAILS
-----------------

